#
# There is insufficient memory for the Java Runtime Environment to continue.
# Native memory allocation (malloc) failed to allocate 219136 bytes for Chunk::new
# Possible reasons:
#   The system is out of physical RAM or swap space
#   In 32 bit mode, the process size limit was hit
# Possible solutions:
#   Reduce memory load on the system
#   Increase physical memory or swap space
#   Check if swap backing store is full
#   Use 64 bit Java on a 64 bit OS
#   Decrease Java heap size (-Xmx/-Xms)
#   Decrease number of Java threads
#   Decrease Java thread stack sizes (-Xss)
#   Set larger code cache with -XX:ReservedCodeCacheSize=
# This output file may be truncated or incomplete.
#
#  Out of Memory Error (allocation.cpp:390), pid=25568, tid=0x0000000000003260
#
# JRE version: Java(TM) SE Runtime Environment (8.0_151-b12) (build 1.8.0_151-b12)
# Java VM: Java HotSpot(TM) 64-Bit Server VM (25.151-b12 mixed mode windows-amd64 compressed oops)
# Failed to write core dump. Minidumps are not enabled by default on client versions of Windows
#

---------------  T H R E A D  ---------------

Current thread (0x000000001e815000):  JavaThread "C2 CompilerThread0" daemon [_thread_in_native, id=12896, stack(0x000000001eee0000,0x000000001efe0000)]

Stack: [0x000000001eee0000,0x000000001efe0000]
[error occurred during error reporting (printing stack bounds), id 0xc0000005]

Native frames: (J=compiled Java code, j=interpreted, Vv=VM code, C=native code)


Current CompileTask:
C2:  47123 6985 % !   4       java.util.jar.Attributes::read @ 177 (380 bytes)


---------------  P R O C E S S  ---------------

Java Threads: ( => current thread )
  0x000000001e89e000 JavaThread "Service Thread" daemon [_thread_blocked, id=23536, stack(0x000000001f2e0000,0x000000001f3e0000)]
  0x000000001e81d800 JavaThread "C1 CompilerThread3" daemon [_thread_in_native, id=17828, stack(0x000000001f1e0000,0x000000001f2e0000)]
  0x000000001e7bc000 JavaThread "C2 CompilerThread2" daemon [_thread_in_native, id=13584, stack(0x000000001f0e0000,0x000000001f1e0000)]
  0x000000001e7b6800 JavaThread "C2 CompilerThread1" daemon [_thread_in_native, id=18956, stack(0x000000001efe0000,0x000000001f0e0000)]
=>0x000000001e815000 JavaThread "C2 CompilerThread0" daemon [_thread_in_native, id=12896, stack(0x000000001eee0000,0x000000001efe0000)]
  0x000000001e813800 JavaThread "Attach Listener" daemon [_thread_blocked, id=20016, stack(0x000000001ede0000,0x000000001eee0000)]
  0x000000001e812000 JavaThread "Signal Dispatcher" daemon [_thread_blocked, id=23484, stack(0x000000001ece0000,0x000000001ede0000)]
  0x0000000002e78800 JavaThread "Finalizer" daemon [_thread_blocked, id=17700, stack(0x000000001eb80000,0x000000001ec80000)]
  0x000000001c8bd800 JavaThread "Reference Handler" daemon [_thread_blocked, id=17964, stack(0x000000001e680000,0x000000001e780000)]
  0x0000000002d83000 JavaThread "main" [_thread_in_vm, id=24448, stack(0x00000000028c0000,0x00000000029c0000)]

Other Threads:
  0x000000001c8b9800 VMThread [stack: 0x000000001e580000,0x000000001e680000] [id=1420]
  0x000000001e90b800 WatcherThread [stack: 0x000000001f3e0000,0x000000001f4e0000] [id=22168]

VM state:not at safepoint (normal execution)

VM Mutex/Monitor currently owned by a thread: None

Heap:
 PSYoungGen      total 278528K, used 272909K [0x000000076b580000, 0x0000000782f00000, 0x00000007c0000000)
  eden space 248320K, 97% used [0x000000076b580000,0x000000077a284048,0x000000077a800000)
  from space 30208K, 99% used [0x000000077e400000,0x000000078017f6a0,0x0000000780180000)
  to   space 61440K, 0% used [0x000000077a800000,0x000000077a800000,0x000000077e400000)
 ParOldGen       total 107520K, used 78666K [0x00000006c2000000, 0x00000006c8900000, 0x000000076b580000)
  object space 107520K, 73% used [0x00000006c2000000,0x00000006c6cd2a80,0x00000006c8900000)
 Metaspace       used 28553K, capacity 29454K, committed 30592K, reserved 1077248K
  class space    used 3300K, capacity 3568K, committed 3712K, reserved 1048576K

Card table byte_map: [0x0000000012240000,0x0000000012a40000] byte_map_base: 0x000000000ec30000

Marking Bits: (ParMarkBitMap*) 0x00000000716fd850
 Begin Bits: [0x0000000013790000, 0x0000000017710000)
 End Bits:   [0x0000000017710000, 0x000000001b690000)

Polling page: 0x00000000007f0000

CodeCache: size=245760Kb used=23145Kb max_used=24240Kb free=222614Kb
 bounds [0x0000000002e80000, 0x0000000004670000, 0x0000000011e80000]
 total_blobs=6482 nmethods=6054 adapters=339
 compilation: enabled

Compilation events (10 events):
Event: 47.072 Thread 0x000000001e81d800 nmethod 6987 0x00000000030c7110 code [0x00000000030c7280, 0x00000000030c74a8]
Event: 47.073 Thread 0x000000001e81d800 6988       3       java.net.URLConnection::setUseCaches (23 bytes)
Event: 47.073 Thread 0x000000001e81d800 nmethod 6988 0x000000000461e4d0 code [0x000000000461e640, 0x000000000461e8a8]
Event: 47.073 Thread 0x000000001e81d800 6989       3       org.eclipse.sisu.space.Streams::open (26 bytes)
Event: 47.074 Thread 0x000000001e81d800 nmethod 6989 0x0000000002fbbf50 code [0x0000000002fbc0e0, 0x0000000002fbc568]
Event: 47.077 Thread 0x000000001e81d800 6990       3       com.google.inject.internal.InstanceBindingImpl::acceptTargetVisitor (8 bytes)
Event: 47.077 Thread 0x000000001e81d800 nmethod 6990 0x0000000003265450 code [0x00000000032655c0, 0x00000000032657e8]
Event: 47.078 Thread 0x000000001e81d800 6991       3       java.lang.Integer::numberOfLeadingZeros (76 bytes)
Event: 47.079 Thread 0x000000001e81d800 nmethod 6991 0x0000000002fbd210 code [0x0000000002fbd380, 0x0000000002fbd630]
Event: 47.089 Thread 0x000000001e81d800 6992       1       com.google.inject.spi.ProviderLookup::getSource (5 bytes)

GC Heap History (10 events):
Event: 34.002 GC heap before
{Heap before GC invocations=8 (full 1):
 PSYoungGen      total 209920K, used 209888K [0x000000076b580000, 0x000000077a780000, 0x00000007c0000000)
  eden space 192000K, 100% used [0x000000076b580000,0x0000000777100000,0x0000000777100000)
  from space 17920K, 99% used [0x0000000778a80000,0x0000000779bf82c0,0x0000000779c00000)
  to   space 26112K, 0% used [0x0000000777100000,0x0000000777100000,0x0000000778a80000)
 ParOldGen       total 107520K, used 31019K [0x00000006c2000000, 0x00000006c8900000, 0x000000076b580000)
  object space 107520K, 28% used [0x00000006c2000000,0x00000006c3e4aee0,0x00000006c8900000)
 Metaspace       used 29411K, capacity 30370K, committed 30592K, reserved 1077248K
  class space    used 3432K, capacity 3703K, committed 3712K, reserved 1048576K
Event: 34.052 GC heap after
Heap after GC invocations=8 (full 1):
 PSYoungGen      total 218112K, used 26097K [0x000000076b580000, 0x0000000780180000, 0x00000007c0000000)
  eden space 192000K, 0% used [0x000000076b580000,0x000000076b580000,0x0000000777100000)
  from space 26112K, 99% used [0x0000000777100000,0x0000000778a7c7f0,0x0000000778a80000)
  to   space 30208K, 0% used [0x000000077e400000,0x000000077e400000,0x0000000780180000)
 ParOldGen       total 107520K, used 31723K [0x00000006c2000000, 0x00000006c8900000, 0x000000076b580000)
  object space 107520K, 29% used [0x00000006c2000000,0x00000006c3efac70,0x00000006c8900000)
 Metaspace       used 29411K, capacity 30370K, committed 30592K, reserved 1077248K
  class space    used 3432K, capacity 3703K, committed 3712K, reserved 1048576K
}
Event: 37.441 GC heap before
{Heap before GC invocations=9 (full 1):
 PSYoungGen      total 218112K, used 218097K [0x000000076b580000, 0x0000000780180000, 0x00000007c0000000)
  eden space 192000K, 100% used [0x000000076b580000,0x0000000777100000,0x0000000777100000)
  from space 26112K, 99% used [0x0000000777100000,0x0000000778a7c7f0,0x0000000778a80000)
  to   space 30208K, 0% used [0x000000077e400000,0x000000077e400000,0x0000000780180000)
 ParOldGen       total 107520K, used 31723K [0x00000006c2000000, 0x00000006c8900000, 0x000000076b580000)
  object space 107520K, 29% used [0x00000006c2000000,0x00000006c3efac70,0x00000006c8900000)
 Metaspace       used 29411K, capacity 30370K, committed 30592K, reserved 1077248K
  class space    used 3432K, capacity 3703K, committed 3712K, reserved 1048576K
Event: 37.513 GC heap after
Heap after GC invocations=9 (full 1):
 PSYoungGen      total 222208K, used 30199K [0x000000076b580000, 0x0000000780180000, 0x00000007c0000000)
  eden space 192000K, 0% used [0x000000076b580000,0x000000076b580000,0x0000000777100000)
  from space 30208K, 99% used [0x000000077e400000,0x000000078017de60,0x0000000780180000)
  to   space 26112K, 0% used [0x0000000777100000,0x0000000777100000,0x0000000778a80000)
 ParOldGen       total 107520K, used 59244K [0x00000006c2000000, 0x00000006c8900000, 0x000000076b580000)
  object space 107520K, 55% used [0x00000006c2000000,0x00000006c59db010,0x00000006c8900000)
 Metaspace       used 29411K, capacity 30370K, committed 30592K, reserved 1077248K
  class space    used 3432K, capacity 3703K, committed 3712K, reserved 1048576K
}
Event: 40.298 GC heap before
{Heap before GC invocations=10 (full 1):
 PSYoungGen      total 222208K, used 222199K [0x000000076b580000, 0x0000000780180000, 0x00000007c0000000)
  eden space 192000K, 100% used [0x000000076b580000,0x0000000777100000,0x0000000777100000)
  from space 30208K, 99% used [0x000000077e400000,0x000000078017de60,0x0000000780180000)
  to   space 26112K, 0% used [0x0000000777100000,0x0000000777100000,0x0000000778a80000)
 ParOldGen       total 107520K, used 59244K [0x00000006c2000000, 0x00000006c8900000, 0x000000076b580000)
  object space 107520K, 55% used [0x00000006c2000000,0x00000006c59db010,0x00000006c8900000)
 Metaspace       used 29411K, capacity 30370K, committed 30592K, reserved 1077248K
  class space    used 3432K, capacity 3703K, committed 3712K, reserved 1048576K
Event: 40.365 GC heap after
Heap after GC invocations=10 (full 1):
 PSYoungGen      total 218112K, used 26106K [0x000000076b580000, 0x0000000780180000, 0x00000007c0000000)
  eden space 192000K, 0% used [0x000000076b580000,0x000000076b580000,0x0000000777100000)
  from space 26112K, 99% used [0x0000000777100000,0x0000000778a7e870,0x0000000778a80000)
  to   space 30208K, 0% used [0x000000077e400000,0x000000077e400000,0x0000000780180000)
 ParOldGen       total 107520K, used 95115K [0x00000006c2000000, 0x00000006c8900000, 0x000000076b580000)
  object space 107520K, 88% used [0x00000006c2000000,0x00000006c7ce2ee8,0x00000006c8900000)
 Metaspace       used 29411K, capacity 30370K, committed 30592K, reserved 1077248K
  class space    used 3432K, capacity 3703K, committed 3712K, reserved 1048576K
}
Event: 40.365 GC heap before
{Heap before GC invocations=11 (full 2):
 PSYoungGen      total 218112K, used 26106K [0x000000076b580000, 0x0000000780180000, 0x00000007c0000000)
  eden space 192000K, 0% used [0x000000076b580000,0x000000076b580000,0x0000000777100000)
  from space 26112K, 99% used [0x0000000777100000,0x0000000778a7e870,0x0000000778a80000)
  to   space 30208K, 0% used [0x000000077e400000,0x000000077e400000,0x0000000780180000)
 ParOldGen       total 107520K, used 95115K [0x00000006c2000000, 0x00000006c8900000, 0x000000076b580000)
  object space 107520K, 88% used [0x00000006c2000000,0x00000006c7ce2ee8,0x00000006c8900000)
 Metaspace       used 29411K, capacity 30370K, committed 30592K, reserved 1077248K
  class space    used 3432K, capacity 3703K, committed 3712K, reserved 1048576K
Event: 40.520 GC heap after
Heap after GC invocations=11 (full 2):
 PSYoungGen      total 218112K, used 0K [0x000000076b580000, 0x0000000780180000, 0x00000007c0000000)
  eden space 192000K, 0% used [0x000000076b580000,0x000000076b580000,0x0000000777100000)
  from space 26112K, 0% used [0x0000000777100000,0x0000000777100000,0x0000000778a80000)
  to   space 30208K, 0% used [0x000000077e400000,0x000000077e400000,0x0000000780180000)
 ParOldGen       total 107520K, used 70384K [0x00000006c2000000, 0x00000006c8900000, 0x000000076b580000)
  object space 107520K, 65% used [0x00000006c2000000,0x00000006c64bc200,0x00000006c8900000)
 Metaspace       used 28035K, capacity 28918K, committed 30592K, reserved 1077248K
  class space    used 3257K, capacity 3496K, committed 3712K, reserved 1048576K
}
Event: 43.276 GC heap before
{Heap before GC invocations=12 (full 2):
 PSYoungGen      total 218112K, used 192000K [0x000000076b580000, 0x0000000780180000, 0x00000007c0000000)
  eden space 192000K, 100% used [0x000000076b580000,0x0000000777100000,0x0000000777100000)
  from space 26112K, 0% used [0x0000000777100000,0x0000000777100000,0x0000000778a80000)
  to   space 30208K, 0% used [0x000000077e400000,0x000000077e400000,0x0000000780180000)
 ParOldGen       total 107520K, used 70384K [0x00000006c2000000, 0x00000006c8900000, 0x000000076b580000)
  object space 107520K, 65% used [0x00000006c2000000,0x00000006c64bc200,0x00000006c8900000)
 Metaspace       used 28035K, capacity 28918K, committed 30592K, reserved 1077248K
  class space    used 3257K, capacity 3496K, committed 3712K, reserved 1048576K
Event: 43.300 GC heap after
Heap after GC invocations=12 (full 2):
 PSYoungGen      total 278528K, used 30205K [0x000000076b580000, 0x0000000782f00000, 0x00000007c0000000)
  eden space 248320K, 0% used [0x000000076b580000,0x000000076b580000,0x000000077a800000)
  from space 30208K, 99% used [0x000000077e400000,0x000000078017f6a0,0x0000000780180000)
  to   space 61440K, 0% used [0x000000077a800000,0x000000077a800000,0x000000077e400000)
 ParOldGen       total 107520K, used 78666K [0x00000006c2000000, 0x00000006c8900000, 0x000000076b580000)
  object space 107520K, 73% used [0x00000006c2000000,0x00000006c6cd2a80,0x00000006c8900000)
 Metaspace       used 28035K, capacity 28918K, committed 30592K, reserved 1077248K
  class space    used 3257K, capacity 3496K, committed 3712K, reserved 1048576K
}

Deoptimization events (10 events):
Event: 46.959 Thread 0x0000000002d83000 Uncommon trap: reason=class_check action=maybe_recompile pc=0x00000000040cbdd4 method=org.codehaus.plexus.interpolation.PrefixedValueSourceWrapper.clearFeedback()V @ 4
Event: 46.959 Thread 0x0000000002d83000 Uncommon trap: reason=class_check action=maybe_recompile pc=0x00000000035a225c method=org.apache.maven.model.interpolation.AbstractStringBasedModelInterpolator.interpolateInternal(Ljava/lang/String;Ljava/util/List;Ljava/util/List;Lorg/apache/maven/model/b
Event: 46.959 Thread 0x0000000002d83000 Uncommon trap: reason=class_check action=maybe_recompile pc=0x000000000387c97c method=org.codehaus.plexus.interpolation.StringSearchInterpolator.interpolate(Ljava/lang/String;Lorg/codehaus/plexus/interpolation/RecursionInterceptor;Ljava/util/Set;)Ljava/la
Event: 46.959 Thread 0x0000000002d83000 Uncommon trap: reason=class_check action=maybe_recompile pc=0x00000000040cbdd4 method=org.codehaus.plexus.interpolation.PrefixedValueSourceWrapper.clearFeedback()V @ 4
Event: 46.959 Thread 0x0000000002d83000 Uncommon trap: reason=class_check action=maybe_recompile pc=0x00000000040cbdd4 method=org.codehaus.plexus.interpolation.PrefixedValueSourceWrapper.clearFeedback()V @ 4
Event: 46.959 Thread 0x0000000002d83000 Uncommon trap: reason=class_check action=maybe_recompile pc=0x00000000035a225c method=org.apache.maven.model.interpolation.AbstractStringBasedModelInterpolator.interpolateInternal(Ljava/lang/String;Ljava/util/List;Ljava/util/List;Lorg/apache/maven/model/b
Event: 46.959 Thread 0x0000000002d83000 Uncommon trap: reason=class_check action=maybe_recompile pc=0x000000000387c97c method=org.codehaus.plexus.interpolation.StringSearchInterpolator.interpolate(Ljava/lang/String;Lorg/codehaus/plexus/interpolation/RecursionInterceptor;Ljava/util/Set;)Ljava/la
Event: 46.959 Thread 0x0000000002d83000 Uncommon trap: reason=class_check action=maybe_recompile pc=0x00000000035a225c method=org.apache.maven.model.interpolation.AbstractStringBasedModelInterpolator.interpolateInternal(Ljava/lang/String;Ljava/util/List;Ljava/util/List;Lorg/apache/maven/model/b
Event: 46.959 Thread 0x0000000002d83000 Uncommon trap: reason=class_check action=maybe_recompile pc=0x000000000387c97c method=org.codehaus.plexus.interpolation.StringSearchInterpolator.interpolate(Ljava/lang/String;Lorg/codehaus/plexus/interpolation/RecursionInterceptor;Ljava/util/Set;)Ljava/la
Event: 46.960 Thread 0x0000000002d83000 Uncommon trap: reason=class_check action=maybe_recompile pc=0x000000000387c97c method=org.codehaus.plexus.interpolation.StringSearchInterpolator.interpolate(Ljava/lang/String;Lorg/codehaus/plexus/interpolation/RecursionInterceptor;Ljava/util/Set;)Ljava/la

Internal exceptions (10 events):
Event: 30.037 Thread 0x0000000002d83000 Implicit null exception at 0x00000000040a20a0 to 0x00000000040a3c61
Event: 32.472 Thread 0x0000000002d83000 Exception <a 'java/lang/NoClassDefFoundError': org/sonatype/aether/artifact/ArtifactType> (0x0000000775d520a0) thrown at [C:\re\workspace\8-2-build-windows-amd64-cygwin\jdk8u151\9699\hotspot\src\share\vm\classfile\systemDictionary.cpp, line 199]
Event: 32.490 Thread 0x0000000002d83000 Exception <a 'java/lang/NoClassDefFoundError': org/sonatype/aether/artifact/Artifact> (0x0000000775dd0268) thrown at [C:\re\workspace\8-2-build-windows-amd64-cygwin\jdk8u151\9699\hotspot\src\share\vm\classfile\systemDictionary.cpp, line 199]
Event: 32.503 Thread 0x0000000002d83000 Exception <a 'java/lang/NoClassDefFoundError': org/sonatype/aether/artifact/Artifact> (0x0000000775e41238) thrown at [C:\re\workspace\8-2-build-windows-amd64-cygwin\jdk8u151\9699\hotspot\src\share\vm\classfile\systemDictionary.cpp, line 199]
Event: 32.510 Thread 0x0000000002d83000 Exception <a 'java/lang/NoClassDefFoundError': org/sonatype/aether/installation/InstallationException> (0x0000000775e70600) thrown at [C:\re\workspace\8-2-build-windows-amd64-cygwin\jdk8u151\9699\hotspot\src\share\vm\classfile\systemDictionary.cpp, line 1
Event: 32.525 Thread 0x0000000002d83000 Exception <a 'java/lang/NoClassDefFoundError': org/sonatype/aether/resolution/ArtifactDescriptorException> (0x0000000775eb90e8) thrown at [C:\re\workspace\8-2-build-windows-amd64-cygwin\jdk8u151\9699\hotspot\src\share\vm\classfile\systemDictionary.cpp, li
Event: 32.527 Thread 0x0000000002d83000 Exception <a 'java/lang/NoClassDefFoundError': org/sonatype/aether/deployment/DeploymentException> (0x0000000775ec84c0) thrown at [C:\re\workspace\8-2-build-windows-amd64-cygwin\jdk8u151\9699\hotspot\src\share\vm\classfile\systemDictionary.cpp, line 199]
Event: 32.528 Thread 0x0000000002d83000 Exception <a 'java/lang/NoClassDefFoundError': org/sonatype/aether/artifact/Artifact> (0x0000000775ece0e8) thrown at [C:\re\workspace\8-2-build-windows-amd64-cygwin\jdk8u151\9699\hotspot\src\share\vm\classfile\systemDictionary.cpp, line 199]
Event: 32.565 Thread 0x0000000002d83000 Exception <a 'java/lang/NoClassDefFoundError': org/sonatype/aether/graph/DependencyNode> (0x0000000775fbf270) thrown at [C:\re\workspace\8-2-build-windows-amd64-cygwin\jdk8u151\9699\hotspot\src\share\vm\classfile\systemDictionary.cpp, line 199]
Event: 46.959 Thread 0x0000000002d83000 Implicit null exception at 0x0000000004610ae2 to 0x0000000004610e51

Events (10 events):
Event: 47.087 loading class org/codehaus/plexus/digest/StreamingMd5Digester
Event: 47.087 loading class org/codehaus/plexus/digest/StreamingMd5Digester done
Event: 47.087 loading class org/codehaus/plexus/digest/StreamingMd5Digester
Event: 47.087 loading class org/codehaus/plexus/digest/StreamingMd5Digester done
Event: 47.087 loading class org/codehaus/plexus/digest/Md5Digester
Event: 47.087 loading class org/codehaus/plexus/digest/Md5Digester done
Event: 47.087 loading class org/codehaus/plexus/digest/Md5Digester
Event: 47.087 loading class org/codehaus/plexus/digest/Md5Digester done
Event: 47.088 Executing VM operation: ForceSafepoint
Event: 47.088 Executing VM operation: ForceSafepoint done


Dynamic libraries:
0x00007ff7e7f80000 - 0x00007ff7e7fb7000 	D:\javaSofts\jdk1.8\bin\java.exe
0x00007ffb577d0000 - 0x00007ffb579b1000 	C:\WINDOWS\SYSTEM32\ntdll.dll
0x00007ffb576e0000 - 0x00007ffb57791000 	C:\WINDOWS\System32\KERNEL32.DLL
0x00007ffb53c20000 - 0x00007ffb53e93000 	C:\WINDOWS\System32\KERNELBASE.dll
0x00007ffb555c0000 - 0x00007ffb55661000 	C:\WINDOWS\System32\ADVAPI32.dll
0x00007ffb553a0000 - 0x00007ffb5543e000 	C:\WINDOWS\System32\msvcrt.dll
0x00007ffb55130000 - 0x00007ffb5518b000 	C:\WINDOWS\System32\sechost.dll
0x00007ffb55000000 - 0x00007ffb55124000 	C:\WINDOWS\System32\RPCRT4.dll
0x00007ffb54d70000 - 0x00007ffb54f00000 	C:\WINDOWS\System32\USER32.dll
0x00007ffb544e0000 - 0x00007ffb54500000 	C:\WINDOWS\System32\win32u.dll
0x00007ffb561f0000 - 0x00007ffb56218000 	C:\WINDOWS\System32\GDI32.dll
0x00007ffb54130000 - 0x00007ffb542c2000 	C:\WINDOWS\System32\gdi32full.dll
0x00007ffb54090000 - 0x00007ffb5412f000 	C:\WINDOWS\System32\msvcp_win.dll
0x00007ffb54380000 - 0x00007ffb54478000 	C:\WINDOWS\System32\ucrtbase.dll
0x00007ffb41230000 - 0x00007ffb41499000 	C:\WINDOWS\WinSxS\amd64_microsoft.windows.common-controls_6595b64144ccf1df_6.0.17134.765_none_fb42a1a930655896\COMCTL32.dll
0x00007ffb55d90000 - 0x00007ffb560b2000 	C:\WINDOWS\System32\combase.dll
0x00007ffb53ba0000 - 0x00007ffb53c1a000 	C:\WINDOWS\System32\bcryptPrimitives.dll
0x00007ffb55740000 - 0x00007ffb5576d000 	C:\WINDOWS\System32\IMM32.DLL
0x0000000071b70000 - 0x0000000071c42000 	D:\javaSofts\jdk1.8\jre\bin\msvcr100.dll
0x0000000070ee0000 - 0x000000007177d000 	D:\javaSofts\jdk1.8\jre\bin\server\jvm.dll
0x00007ffb54ff0000 - 0x00007ffb54ff8000 	C:\WINDOWS\System32\PSAPI.DLL
0x00007ffb42010000 - 0x00007ffb42019000 	C:\WINDOWS\SYSTEM32\WSOCK32.dll
0x00007ffb4d5e0000 - 0x00007ffb4d5ea000 	C:\WINDOWS\SYSTEM32\VERSION.dll
0x00007ffb55330000 - 0x00007ffb5539c000 	C:\WINDOWS\System32\WS2_32.dll
0x00007ffb4e7e0000 - 0x00007ffb4e803000 	C:\WINDOWS\SYSTEM32\WINMM.dll
0x00007ffb4e790000 - 0x00007ffb4e7ba000 	C:\WINDOWS\SYSTEM32\WINMMBASE.dll
0x00007ffb54500000 - 0x00007ffb54549000 	C:\WINDOWS\System32\cfgmgr32.dll
0x0000000070ed0000 - 0x0000000070edf000 	D:\javaSofts\jdk1.8\jre\bin\verify.dll
0x0000000070ea0000 - 0x0000000070ec9000 	D:\javaSofts\jdk1.8\jre\bin\java.dll
0x0000000070e80000 - 0x0000000070e96000 	D:\javaSofts\jdk1.8\jre\bin\zip.dll
0x00007ffb562a0000 - 0x00007ffb576e0000 	C:\WINDOWS\System32\SHELL32.dll
0x00007ffb56120000 - 0x00007ffb561c9000 	C:\WINDOWS\System32\shcore.dll
0x00007ffb54550000 - 0x00007ffb54c5d000 	C:\WINDOWS\System32\windows.storage.dll
0x00007ffb560c0000 - 0x00007ffb56111000 	C:\WINDOWS\System32\shlwapi.dll
0x00007ffb53b20000 - 0x00007ffb53b31000 	C:\WINDOWS\System32\kernel.appcore.dll
0x00007ffb53b00000 - 0x00007ffb53b1f000 	C:\WINDOWS\System32\profapi.dll
0x00007ffb53b50000 - 0x00007ffb53b9c000 	C:\WINDOWS\System32\powrprof.dll
0x00007ffb53b40000 - 0x00007ffb53b4a000 	C:\WINDOWS\System32\FLTLIB.DLL
0x00007ffb506d0000 - 0x00007ffb506da000 	E:\apache-maven-3.5.3\lib\jansi-native\windows64\jansi.dll
0x0000000070e60000 - 0x0000000070e7a000 	D:\javaSofts\jdk1.8\jre\bin\net.dll
0x00007ffb53360000 - 0x00007ffb533c6000 	C:\WINDOWS\system32\mswsock.dll
0x0000000070e40000 - 0x0000000070e51000 	D:\javaSofts\jdk1.8\jre\bin\nio.dll
0x00007ffb53510000 - 0x00007ffb53527000 	C:\WINDOWS\SYSTEM32\CRYPTSP.dll
0x00007ffb52f40000 - 0x00007ffb52f73000 	C:\WINDOWS\system32\rsaenh.dll
0x00007ffb53640000 - 0x00007ffb53665000 	C:\WINDOWS\SYSTEM32\bcrypt.dll
0x00007ffb539e0000 - 0x00007ffb53a08000 	C:\WINDOWS\SYSTEM32\USERENV.dll
0x00007ffb53530000 - 0x00007ffb5353b000 	C:\WINDOWS\SYSTEM32\CRYPTBASE.dll
0x00007ffb530e0000 - 0x00007ffb53118000 	C:\WINDOWS\SYSTEM32\IPHLPAPI.DLL
0x00007ffb54c60000 - 0x00007ffb54c68000 	C:\WINDOWS\System32\NSI.dll
0x00007ffb4d5a0000 - 0x00007ffb4d5b6000 	C:\WINDOWS\SYSTEM32\dhcpcsvc6.DLL
0x00007ffb4db70000 - 0x00007ffb4db8a000 	C:\WINDOWS\SYSTEM32\dhcpcsvc.DLL

VM Arguments:
jvm_args: -Dclassworlds.conf=E:\apache-maven-3.5.3\bin\..\bin\m2.conf -Dmaven.home=E:\apache-maven-3.5.3\bin\.. -Dlibrary.jansi.path=E:\apache-maven-3.5.3\bin\..\lib\jansi-native -Dmaven.multiModuleProjectDirectory=D:\mft\codes\flink-learnning 
java_command: org.codehaus.plexus.classworlds.launcher.Launcher clean install
java_class_path (initial): E:\apache-maven-3.5.3\bin\..\boot\plexus-classworlds-2.5.2.jar
Launcher Type: SUN_STANDARD

Environment Variables:
JAVA_HOME=D:\javaSofts\jdk1.8
CLASSPATH=D:\javaSofts\jre1.8\lib .;D:\javaSofts\bin;D:\javaSofts\lib\dt.jar;D:\javaSofts\lib\tools.jar.;
PATH=D:\oracle\crawler\product\11.2.0\dbhome_1\bin;D:\javaSofts\jdk1.8\bin;C:\Program Files (x86)\NVIDIA Corporation\PhysX\Common;E:\apache-maven-3.5.3\bin;E:\softs\python;E:\softs\python\Scripts;E:\softs\nodejs\;C:\WINDOWS\system32;C:\WINDOWS;C:\WINDOWS\System32\Wbem;C:\WINDOWS\System32\WindowsPowerShell\v1.0\;E:\java安装包\中间件\rabbitMQ\rabbitmq_server-3.7.3\sbin;%ERLANG_HOME%\bin;D:\javaSofts\git\Git\cmd;C:\WINDOWS\System32\OpenSSH\;D:\javaSofts\bin;D:\javaSofts\bin;D:\javaSofts\jre\bin;;C:\Program Files\NVIDIA Corporation\NVIDIA NvDLISR;C:\Users\刘亮\AppData\Local\Microsoft\WindowsApps;E:\softs\vs\Microsoft VS Code\bin;C:\Users\刘亮\AppData\Roaming\npm;;D:\docker\Docker Toolbox
USERNAME=刘亮
OS=Windows_NT
PROCESSOR_IDENTIFIER=Intel64 Family 6 Model 142 Stepping 10, GenuineIntel



---------------  S Y S T E M  ---------------

OS: Windows 10.0 , 64 bit Build 17134 (10.0.17134.753)

CPU:total 8 (initial active 8) (4 cores per cpu, 2 threads per core) family 6 model 142 stepping 10, cmov, cx8, fxsr, mmx, sse, sse2, sse3, ssse3, sse4.1, sse4.2, popcnt, avx, avx2, aes, clmul, erms, 3dnowpref, lzcnt, ht, tsc, tscinvbit, bmi1, bmi2, adx

Memory: 4k page, physical 16640396k(4773832k free), swap 29525200k(4160k free)

vm_info: Java HotSpot(TM) 64-Bit Server VM (25.151-b12) for windows-amd64 JRE (1.8.0_151-b12), built on Sep  5 2017 19:33:46 by "java_re" with MS VC++ 10.0 (VS2010)

time: Tue May 28 17:06:58 2019
elapsed time: 47 seconds (0d 0h 0m 47s)

